\BOOKMARK [1][-]{section*.1}{\376\377\144\130\211\201}{}% 1
\BOOKMARK [1][-]{section*.2}{\376\377\000A\000b\000s\000t\000r\000a\000c\000t}{}% 2
\BOOKMARK [1][-]{section.1}{\376\377\173\054\116\000\202\202}{}% 3
\BOOKMARK [2][-]{subsection.1.1}{\376\377\173\054\116\000\134\017\202\202}{section.1}% 4
\BOOKMARK [3][-]{subsubsection.1.1.1}{\376\377\173\054\116\000\134\017\134\017\202\202}{subsection.1.1}% 5
\BOOKMARK [4][-]{subsubsubsection.1.1.1.1}{\376\377\173\054\116\000\134\017\134\017\134\017\202\202}{subsubsection.1.1.1}% 6
\BOOKMARK [3][-]{subsubsection.1.1.2}{\376\377\173\054\116\214\134\017\134\017\202\202}{subsection.1.1}% 7
\BOOKMARK [4][-]{subsubsubsection.1.1.2.1}{\376\377\173\054\116\214\134\017\134\017\134\017\202\202}{subsubsection.1.1.2}% 8
\BOOKMARK [2][-]{subsection.1.2}{\376\377\173\054\116\214\134\017\202\202}{section.1}% 9
\BOOKMARK [2][-]{subsection.1.3}{\376\377\173\054\116\011\134\017\202\202}{section.1}% 10
\BOOKMARK [1][-]{section.2}{\376\377\145\260\166\204\131\047\202\202}{}% 11
\BOOKMARK [1][-]{section.3}{\376\377\123\302\200\003\145\207\163\056\124\214\116\244\123\311\137\025\165\050}{}% 12
\BOOKMARK [2][-]{subsection.3.1}{\376\377\123\302\200\003\145\207\163\056}{section.3}% 13
\BOOKMARK [2][-]{subsection.3.2}{\376\377\116\244\123\311\137\025\165\050}{section.3}% 14
\BOOKMARK [1][-]{section.4}{\376\377\121\154\137\017\217\331\116\110\165\050}{}% 15
\BOOKMARK [1][-]{section.5}{\376\377\165\050\126\376\124\214\210\150\166\204\171\072\117\213}{}% 16
\BOOKMARK [2][-]{subsection.5.1}{\376\377\126\376\166\204\117\177\165\050}{section.5}% 17
\BOOKMARK [2][-]{subsection.5.2}{\376\377\210\150\166\204\117\177\165\050}{section.5}% 18
\BOOKMARK [1][-]{section.6}{\376\377\122\027\210\150\166\204\117\177\165\050}{}% 19
\BOOKMARK [1][-]{section*.7}{\376\377\201\364\214\042}{}% 20
\BOOKMARK [1][-]{section*.8}{\376\377\123\302\200\003\145\207\163\056}{}% 21
\BOOKMARK [1][-]{appendix.1.A}{\376\377\226\104\137\125\000\040\217\331\146\057\173\054\116\000\116\052\226\104\137\125}{}% 22
\BOOKMARK [2][-]{subsection.1.A.1}{\376\377\226\104\137\125\123\357\116\345\147\011\134\017\202\202}{appendix.1.A}% 23
\BOOKMARK [3][-]{subsubsection.1.A.1.1}{\376\377\226\104\137\125\116\055\116\137\123\357\116\345\147\011\134\017\134\017\202\202}{subsection.1.A.1}% 24
\BOOKMARK [4][-]{subsubsubsection.1.A.1.1.1}{\376\377\226\104\137\125\116\055\116\137\147\011\134\017\134\017\134\017\202\202}{subsubsection.1.A.1.1}% 25
